<?xml version="1.0" encoding="UTF-8"?>
<!-- Generated by org.testng.reporters.JUnitReportReporter -->
<testsuite hostname="3I-PC0CF2KE" failures="0" tests="2" name="testNGsessions.Apptset" time="4.474" errors="0" timestamp="2024-02-26T12:39:52 IST" skipped="0">
  <testcase classname="testNGsessions.Apptset" name="aTest1" time="1.538"/>
  <system-out/>
  <testcase classname="testNGsessions.Apptset" name="aTest" time="2.936"/>
  <system-out/>
</testsuite> <!-- testNGsessions.Apptset -->
